{
  "RSpec": {
    "coverage": {
      "/Users/henryferrari/Projects/Makers/week4/bookmark_manager/app.rb": [
        null,
        null,
        1,
        1,
        1,
        null,
        1,
        1,
        0,
        null,
        null,
        1,
        1,
        null,
        null,
        1,
        3,
        3,
        null,
        null,
        1,
        null
      ],
      "/Users/henryferrari/Projects/Makers/week4/bookmark_manager/lib/bookmarks.rb": [
        null,
        null,
        1,
        1,
        1,
        1,
        4,
        4,
        4,
        null,
        null,
        1,
        null,
        1,
        4,
        null,
        null,
        1,
        4,
        null,
        null,
        1,
        4,
        null,
        null,
        1,
        4,
        null,
        null,
        null
      ],
      "/Users/henryferrari/Projects/Makers/week4/bookmark_manager/spec/bookmarks_spec.rb": [
        null,
        null,
        1,
        null,
        1,
        1,
        1,
        1,
        1,
        null,
        null,
        null
      ],
      "/Users/henryferrari/Projects/Makers/week4/bookmark_manager/spec/features/add_bookmark_spec.rb": [
        null,
        1,
        1,
        1,
        1,
        0,
        null,
        null,
        1,
        1,
        1,
        0,
        0,
        0,
        0,
        0,
        null,
        null,
        null
      ],
      "/Users/henryferrari/Projects/Makers/week4/bookmark_manager/spec/features/testing_infrastructure_spec.rb": [
        null,
        null,
        1,
        1,
        1,
        1,
        null,
        null
      ],
      "/Users/henryferrari/Projects/Makers/week4/bookmark_manager/spec/features/view_bookmarks_spec.rb": [
        null,
        null,
        1,
        1,
        1,
        1,
        null,
        null
      ]
    },
    "timestamp": 1647449637
  }
}
